# JRE version: OpenJDK Runtime Environment Temurin-21.0.12.1+1 (21.0.12.1+1) (build 21.0.12.1+1-LTS)
# Java VM: OpenJDK 64-Bit Server VM Temurin-21.0.12.1+1 (21.0.12.1+1-LTS, mixed mode, sharing, tiered, compressed class ptrs, parallel gc, windows-amd64)
GC Precious Log:
 CardTable entry size: 512
 CPUs: 16 total, 16 available
 Memory: 16068M
 Large Page Support: Disabled
 NUMA Support: Disabled
 Compressed Oops: Disabled
 Alignments: Space 512K, Generation 512K, Heap 2M
 Heap Min Capacity: 100M
 Heap Initial Capacity: 100M
 Heap Max Capacity: 256G
 Pre-touch: Disabled
 Parallel Workers: 13
Heap:
 PSYoungGen      total 19456K, used 16889K [0x000001e7efb00000, 0x000001e7f0f80000, 0x000001fd45000000)
  eden space 17408K, 88% used [0x000001e7efb00000,0x000001e7f0a1ad98,0x000001e7f0c00000)
  from space 2048K, 71% used [0x000001e7f0c00000,0x000001e7f0d70080,0x000001e7f0e00000)
  to   space 1536K, 0% used [0x000001e7f0e00000,0x000001e7f0e00000,0x000001e7f0f80000)
 ParOldGen       total 72192K, used 55757K [0x000001bd45000000, 0x000001bd49680000, 0x000001e7efb00000)
  object space 72192K, 77% used [0x000001bd45000000,0x000001bd48673570,0x000001bd49680000)
 Metaspace       used 62885K, committed 64256K, reserved 1114112K
  class space    used 6563K, committed 7168K, reserved 1048576K
GC Heap History (20 events):
Event: 12.543 GC heap before
{Heap before GC invocations=39 (full 2):
 PSYoungGen      total 19456K, used 19284K [0x000001e7efb00000, 0x000001e7f1180000, 0x000001fd45000000)
  eden space 17408K, 99% used [0x000001e7efb00000,0x000001e7f0bfcff0,0x000001e7f0c00000)
  from space 2048K, 92% used [0x000001e7f0f80000,0x000001e7f1158010,0x000001e7f1180000)
  to   space 2560K, 0% used [0x000001e7f0c80000,0x000001e7f0c80000,0x000001e7f0f00000)
 ParOldGen       total 68608K, used 64500K [0x000001bd45000000, 0x000001bd49300000, 0x000001e7efb00000)
  object space 68608K, 94% used [0x000001bd45000000,0x000001bd48efd2a0,0x000001bd49300000)
 Metaspace       used 57017K, committed 58368K, reserved 1114112K
  class space    used 6005K, committed 6592K, reserved 1048576K
}
Event: 12.546 GC heap after
{Heap after GC invocations=39 (full 2):
 PSYoungGen      total 18944K, used 1220K [0x000001e7efb00000, 0x000001e7f1000000, 0x000001fd45000000)
  eden space 17408K, 0% used [0x000001e7efb00000,0x000001e7efb00000,0x000001e7f0c00000)
  from space 1536K, 79% used [0x000001e7f0c80000,0x000001e7f0db1198,0x000001e7f0e00000)
  to   space 1536K, 0% used [0x000001e7f0e80000,0x000001e7f0e80000,0x000001e7f1000000)
 ParOldGen       total 68608K, used 66114K [0x000001bd45000000, 0x000001bd49300000, 0x000001e7efb00000)
  object space 68608K, 96% used [0x000001bd45000000,0x000001bd490909c0,0x000001bd49300000)
 Metaspace       used 57017K, committed 58368K, reserved 1114112K
  class space    used 6005K, committed 6592K, reserved 1048576K
}
Event: 12.955 GC heap before
{Heap before GC invocations=40 (full 2):
 PSYoungGen      total 18944K, used 18628K [0x000001e7efb00000, 0x000001e7f1000000, 0x000001fd45000000)
  eden space 17408K, 100% used [0x000001e7efb00000,0x000001e7f0c00000,0x000001e7f0c00000)
  from space 1536K, 79% used [0x000001e7f0c80000,0x000001e7f0db1198,0x000001e7f0e00000)
  to   space 1536K, 0% used [0x000001e7f0e80000,0x000001e7f0e80000,0x000001e7f1000000)
 ParOldGen       total 68608K, used 66114K [0x000001bd45000000, 0x000001bd49300000, 0x000001e7efb00000)
  object space 68608K, 96% used [0x000001bd45000000,0x000001bd490909c0,0x000001bd49300000)
 Metaspace       used 57278K, committed 58560K, reserved 1114112K
  class space    used 6021K, committed 6592K, reserved 1048576K
}
Event: 12.957 GC heap after
{Heap after GC invocations=40 (full 2):
 PSYoungGen      total 17920K, used 352K [0x000001e7efb00000, 0x000001e7f0f00000, 0x000001fd45000000)
  eden space 17408K, 0% used [0x000001e7efb00000,0x000001e7efb00000,0x000001e7f0c00000)
  from space 512K, 68% used [0x000001e7f0e80000,0x000001e7f0ed8000,0x000001e7f0f00000)
  to   space 1024K, 0% used [0x000001e7f0d00000,0x000001e7f0d00000,0x000001e7f0e00000)
 ParOldGen       total 68608K, used 67017K [0x000001bd45000000, 0x000001bd49300000, 0x000001e7efb00000)
  object space 68608K, 97% used [0x000001bd45000000,0x000001bd49172710,0x000001bd49300000)
 Metaspace       used 57278K, committed 58560K, reserved 1114112K
  class space    used 6021K, committed 6592K, reserved 1048576K
}
Event: 13.266 GC heap before
{Heap before GC invocations=41 (full 2):
 PSYoungGen      total 17920K, used 17760K [0x000001e7efb00000, 0x000001e7f0f00000, 0x000001fd45000000)
  eden space 17408K, 100% used [0x000001e7efb00000,0x000001e7f0c00000,0x000001e7f0c00000)
  from space 512K, 68% used [0x000001e7f0e80000,0x000001e7f0ed8000,0x000001e7f0f00000)
  to   space 1024K, 0% used [0x000001e7f0d00000,0x000001e7f0d00000,0x000001e7f0e00000)
 ParOldGen       total 68608K, used 67017K [0x000001bd45000000, 0x000001bd49300000, 0x000001e7efb00000)
  object space 68608K, 97% used [0x000001bd45000000,0x000001bd49172710,0x000001bd49300000)
 Metaspace       used 57988K, committed 59328K, reserved 1114112K
  class space    used 6063K, committed 6656K, reserved 1048576K
}
Event: 13.269 GC heap after
{Heap after GC invocations=41 (full 2):
 PSYoungGen      total 18432K, used 1024K [0x000001e7efb00000, 0x000001e7f1500000, 0x000001fd45000000)
  eden space 17408K, 0% used [0x000001e7efb00000,0x000001e7efb00000,0x000001e7f0c00000)
  from space 1024K, 100% used [0x000001e7f0d00000,0x000001e7f0e00000,0x000001e7f0e00000)
  to   space 4608K, 0% used [0x000001e7f1080000,0x000001e7f1080000,0x000001e7f1500000)
 ParOldGen       total 70144K, used 69795K [0x000001bd45000000, 0x000001bd49480000, 0x000001e7efb00000)
  object space 70144K, 99% used [0x000001bd45000000,0x000001bd49428d50,0x000001bd49480000)
 Metaspace       used 57988K, committed 59328K, reserved 1114112K
  class space    used 6063K, committed 6656K, reserved 1048576K
}
Event: 13.362 GC heap before
{Heap before GC invocations=42 (full 2):
 PSYoungGen      total 18432K, used 18432K [0x000001e7efb00000, 0x000001e7f1500000, 0x000001fd45000000)
  eden space 17408K, 100% used [0x000001e7efb00000,0x000001e7f0c00000,0x000001e7f0c00000)
  from space 1024K, 100% used [0x000001e7f0d00000,0x000001e7f0e00000,0x000001e7f0e00000)
  to   space 4608K, 0% used [0x000001e7f1080000,0x000001e7f1080000,0x000001e7f1500000)
 ParOldGen       total 70144K, used 69795K [0x000001bd45000000, 0x000001bd49480000, 0x000001e7efb00000)
  object space 70144K, 99% used [0x000001bd45000000,0x000001bd49428d50,0x000001bd49480000)
 Metaspace       used 58037K, committed 59328K, reserved 1114112K
  class space    used 6066K, committed 6656K, reserved 1048576K
}
Event: 13.365 GC heap after
{Heap after GC invocations=42 (full 2):
 PSYoungGen      total 19456K, used 1752K [0x000001e7efb00000, 0x000001e7f1280000, 0x000001fd45000000)
  eden space 17408K, 0% used [0x000001e7efb00000,0x000001e7efb00000,0x000001e7f0c00000)
  from space 2048K, 85% used [0x000001e7f1080000,0x000001e7f1236038,0x000001e7f1280000)
  to   space 2560K, 0% used [0x000001e7f0d80000,0x000001e7f0d80000,0x000001e7f1000000)
 ParOldGen       total 71168K, used 70848K [0x000001bd45000000, 0x000001bd49580000, 0x000001e7efb00000)
  object space 71168K, 99% used [0x000001bd45000000,0x000001bd495301f0,0x000001bd49580000)
 Metaspace       used 58037K, committed 59328K, reserved 1114112K
  class space    used 6066K, committed 6656K, reserved 1048576K
}
Event: 13.399 GC heap before
{Heap before GC invocations=43 (full 2):
 PSYoungGen      total 19456K, used 19048K [0x000001e7efb00000, 0x000001e7f1280000, 0x000001fd45000000)
  eden space 17408K, 99% used [0x000001e7efb00000,0x000001e7f0be4218,0x000001e7f0c00000)
  from space 2048K, 85% used [0x000001e7f1080000,0x000001e7f1236038,0x000001e7f1280000)
  to   space 2560K, 0% used [0x000001e7f0d80000,0x000001e7f0d80000,0x000001e7f1000000)
 ParOldGen       total 71168K, used 70848K [0x000001bd45000000, 0x000001bd49580000, 0x000001e7efb00000)
  object space 71168K, 99% used [0x000001bd45000000,0x000001bd495301f0,0x000001bd49580000)
 Metaspace       used 58043K, committed 59328K, reserved 1114112K
  class space    used 6066K, committed 6656K, reserved 1048576K
}
Event: 13.401 GC heap after
{Heap after GC invocations=43 (full 2):
 PSYoungGen      total 18944K, used 1206K [0x000001e7efb00000, 0x000001e7f1100000, 0x000001fd45000000)
  eden space 17408K, 0% used [0x000001e7efb00000,0x000001e7efb00000,0x000001e7f0c00000)
  from space 1536K, 78% used [0x000001e7f0d80000,0x000001e7f0eadb60,0x000001e7f0f00000)
  to   space 1536K, 0% used [0x000001e7f0f80000,0x000001e7f0f80000,0x000001e7f1100000)
 ParOldGen       total 72192K, used 71910K [0x000001bd45000000, 0x000001bd49680000, 0x000001e7efb00000)
  object space 72192K, 99% used [0x000001bd45000000,0x000001bd49639968,0x000001bd49680000)
 Metaspace       used 58043K, committed 59328K, reserved 1114112K
  class space    used 6066K, committed 6656K, reserved 1048576K
}
Event: 13.446 GC heap before
{Heap before GC invocations=44 (full 2):
 PSYoungGen      total 18944K, used 12405K [0x000001e7efb00000, 0x000001e7f1100000, 0x000001fd45000000)
  eden space 17408K, 64% used [0x000001e7efb00000,0x000001e7f05ef8b8,0x000001e7f0c00000)
  from space 1536K, 78% used [0x000001e7f0d80000,0x000001e7f0eadb60,0x000001e7f0f00000)
  to   space 1536K, 0% used [0x000001e7f0f80000,0x000001e7f0f80000,0x000001e7f1100000)
 ParOldGen       total 72192K, used 71910K [0x000001bd45000000, 0x000001bd49680000, 0x000001e7efb00000)
  object space 72192K, 99% used [0x000001bd45000000,0x000001bd49639968,0x000001bd49680000)
 Metaspace       used 58554K, committed 59776K, reserved 1114112K
  class space    used 6106K, committed 6656K, reserved 1048576K
}
Event: 13.447 GC heap after
{Heap after GC invocations=44 (full 2):
 PSYoungGen      total 17920K, used 352K [0x000001e7efb00000, 0x000001e7f1000000, 0x000001fd45000000)
  eden space 17408K, 0% used [0x000001e7efb00000,0x000001e7efb00000,0x000001e7f0c00000)
  from space 512K, 68% used [0x000001e7f0f80000,0x000001e7f0fd8000,0x000001e7f1000000)
  to   space 1024K, 0% used [0x000001e7f0e00000,0x000001e7f0e00000,0x000001e7f0f00000)
 ParOldGen       total 72192K, used 71934K [0x000001bd45000000, 0x000001bd49680000, 0x000001e7efb00000)
  object space 72192K, 99% used [0x000001bd45000000,0x000001bd4963f968,0x000001bd49680000)
 Metaspace       used 58554K, committed 59776K, reserved 1114112K
  class space    used 6106K, committed 6656K, reserved 1048576K
}
Event: 13.447 GC heap before
{Heap before GC invocations=45 (full 3):
 PSYoungGen      total 17920K, used 352K [0x000001e7efb00000, 0x000001e7f1000000, 0x000001fd45000000)
  eden space 17408K, 0% used [0x000001e7efb00000,0x000001e7efb00000,0x000001e7f0c00000)
  from space 512K, 68% used [0x000001e7f0f80000,0x000001e7f0fd8000,0x000001e7f1000000)
  to   space 1024K, 0% used [0x000001e7f0e00000,0x000001e7f0e00000,0x000001e7f0f00000)
 ParOldGen       total 72192K, used 71934K [0x000001bd45000000, 0x000001bd49680000, 0x000001e7efb00000)
  object space 72192K, 99% used [0x000001bd45000000,0x000001bd4963f968,0x000001bd49680000)
 Metaspace       used 58554K, committed 59776K, reserved 1114112K
  class space    used 6106K, committed 6656K, reserved 1048576K
}
Event: 13.535 GC heap after
{Heap after GC invocations=45 (full 3):
 PSYoungGen      total 17920K, used 0K [0x000001e7efb00000, 0x000001e7f1000000, 0x000001fd45000000)
  eden space 17408K, 0% used [0x000001e7efb00000,0x000001e7efb00000,0x000001e7f0c00000)
  from space 512K, 0% used [0x000001e7f0f80000,0x000001e7f0f80000,0x000001e7f1000000)
  to   space 1024K, 0% used [0x000001e7f0e00000,0x000001e7f0e00000,0x000001e7f0f00000)
 ParOldGen       total 72192K, used 54164K [0x000001bd45000000, 0x000001bd49680000, 0x000001e7efb00000)
  object space 72192K, 75% used [0x000001bd45000000,0x000001bd484e5220,0x000001bd49680000)
 Metaspace       used 58554K, committed 59776K, reserved 1114112K
  class space    used 6106K, committed 6656K, reserved 1048576K
}
Event: 13.910 GC heap before
{Heap before GC invocations=46 (full 3):
 PSYoungGen      total 17920K, used 17408K [0x000001e7efb00000, 0x000001e7f1000000, 0x000001fd45000000)
  eden space 17408K, 100% used [0x000001e7efb00000,0x000001e7f0c00000,0x000001e7f0c00000)
  from space 512K, 0% used [0x000001e7f0f80000,0x000001e7f0f80000,0x000001e7f1000000)
  to   space 1024K, 0% used [0x000001e7f0e00000,0x000001e7f0e00000,0x000001e7f0f00000)
 ParOldGen       total 72192K, used 54164K [0x000001bd45000000, 0x000001bd49680000, 0x000001e7efb00000)
  object space 72192K, 75% used [0x000001bd45000000,0x000001bd484e5220,0x000001bd49680000)
 Metaspace       used 59775K, committed 61120K, reserved 1114112K
  class space    used 6221K, committed 6848K, reserved 1048576K
}
Event: 13.911 GC heap after
{Heap after GC invocations=46 (full 3):
 PSYoungGen      total 18432K, used 853K [0x000001e7efb00000, 0x000001e7f1000000, 0x000001fd45000000)
  eden space 17408K, 0% used [0x000001e7efb00000,0x000001e7efb00000,0x000001e7f0c00000)
  from space 1024K, 83% used [0x000001e7f0e00000,0x000001e7f0ed5780,0x000001e7f0f00000)
  to   space 1024K, 0% used [0x000001e7f0f00000,0x000001e7f0f00000,0x000001e7f1000000)
 ParOldGen       total 72192K, used 54172K [0x000001bd45000000, 0x000001bd49680000, 0x000001e7efb00000)
  object space 72192K, 75% used [0x000001bd45000000,0x000001bd484e7220,0x000001bd49680000)
 Metaspace       used 59775K, committed 61120K, reserved 1114112K
  class space    used 6221K, committed 6848K, reserved 1048576K
}
Event: 14.364 GC heap before
{Heap before GC invocations=47 (full 3):
 PSYoungGen      total 18432K, used 18259K [0x000001e7efb00000, 0x000001e7f1000000, 0x000001fd45000000)
  eden space 17408K, 99% used [0x000001e7efb00000,0x000001e7f0bff7b8,0x000001e7f0c00000)
  from space 1024K, 83% used [0x000001e7f0e00000,0x000001e7f0ed5780,0x000001e7f0f00000)
  to   space 1024K, 0% used [0x000001e7f0f00000,0x000001e7f0f00000,0x000001e7f1000000)
 ParOldGen       total 72192K, used 54172K [0x000001bd45000000, 0x000001bd49680000, 0x000001e7efb00000)
  object space 72192K, 75% used [0x000001bd45000000,0x000001bd484e7220,0x000001bd49680000)
 Metaspace       used 61448K, committed 62848K, reserved 1114112K
  class space    used 6419K, committed 7040K, reserved 1048576K
}
Event: 14.367 GC heap after
{Heap after GC invocations=47 (full 3):
 PSYoungGen      total 18432K, used 992K [0x000001e7efb00000, 0x000001e7f1000000, 0x000001fd45000000)
  eden space 17408K, 0% used [0x000001e7efb00000,0x000001e7efb00000,0x000001e7f0c00000)
  from space 1024K, 96% used [0x000001e7f0f00000,0x000001e7f0ff8020,0x000001e7f1000000)
  to   space 2048K, 0% used [0x000001e7f0c00000,0x000001e7f0c00000,0x000001e7f0e00000)
 ParOldGen       total 72192K, used 54837K [0x000001bd45000000, 0x000001bd49680000, 0x000001e7efb00000)
  object space 72192K, 75% used [0x000001bd45000000,0x000001bd4858d4e0,0x000001bd49680000)
 Metaspace       used 61448K, committed 62848K, reserved 1114112K
  class space    used 6419K, committed 7040K, reserved 1048576K
}
Event: 15.060 GC heap before
{Heap before GC invocations=48 (full 3):
 PSYoungGen      total 18432K, used 18391K [0x000001e7efb00000, 0x000001e7f1000000, 0x000001fd45000000)
  eden space 17408K, 99% used [0x000001e7efb00000,0x000001e7f0bfdf80,0x000001e7f0c00000)
  from space 1024K, 96% used [0x000001e7f0f00000,0x000001e7f0ff8020,0x000001e7f1000000)
  to   space 2048K, 0% used [0x000001e7f0c00000,0x000001e7f0c00000,0x000001e7f0e00000)
 ParOldGen       total 72192K, used 54837K [0x000001bd45000000, 0x000001bd49680000, 0x000001e7efb00000)
  object space 72192K, 75% used [0x000001bd45000000,0x000001bd4858d4e0,0x000001bd49680000)
 Metaspace       used 62527K, committed 63872K, reserved 1114112K
  class space    used 6539K, committed 7168K, reserved 1048576K
}
Event: 15.062 GC heap after
{Heap after GC invocations=48 (full 3):
 PSYoungGen      total 19456K, used 1472K [0x000001e7efb00000, 0x000001e7f0f80000, 0x000001fd45000000)
  eden space 17408K, 0% used [0x000001e7efb00000,0x000001e7efb00000,0x000001e7f0c00000)
  from space 2048K, 71% used [0x000001e7f0c00000,0x000001e7f0d70080,0x000001e7f0e00000)
  to   space 1536K, 0% used [0x000001e7f0e00000,0x000001e7f0e00000,0x000001e7f0f80000)
 ParOldGen       total 72192K, used 55757K [0x000001bd45000000, 0x000001bd49680000, 0x000001e7efb00000)
  object space 72192K, 77% used [0x000001bd45000000,0x000001bd48673570,0x000001bd49680000)
 Metaspace       used 62527K, committed 63872K, reserved 1114112K
  class space    used 6539K, committed 7168K, reserved 1048576K
}

