# JRE version: OpenJDK Runtime Environment Temurin-21.0.12.1+1 (21.0.12.1+1) (build 21.0.12.1+1-LTS)
# Java VM: OpenJDK 64-Bit Server VM Temurin-21.0.12.1+1 (21.0.12.1+1-LTS, mixed mode, sharing, tiered, compressed class ptrs, parallel gc, windows-amd64)
GC Precious Log:
 CardTable entry size: 512
 CPUs: 16 total, 16 available
 Memory: 16068M
 Large Page Support: Disabled
 NUMA Support: Disabled
 Compressed Oops: Disabled
 Alignments: Space 512K, Generation 512K, Heap 2M
 Heap Min Capacity: 100M
 Heap Initial Capacity: 100M
 Heap Max Capacity: 256G
 Pre-touch: Disabled
 Parallel Workers: 13
Heap:
 PSYoungGen      total 31744K, used 5467K [0x0000020df3d00000, 0x0000020df5e80000, 0x0000022349200000)
  eden space 29696K, 12% used [0x0000020df3d00000,0x0000020df40c2c08,0x0000020df5a00000)
  from space 2048K, 78% used [0x0000020df5a80000,0x0000020df5c14010,0x0000020df5c80000)
  to   space 2048K, 0% used [0x0000020df5c80000,0x0000020df5c80000,0x0000020df5e80000)
 ParOldGen       total 15822336K, used 15753818K [0x000001e349200000, 0x000001e70ed80000, 0x0000020df3d00000)
  object space 15822336K, 99% used [0x000001e349200000,0x000001e70aa96928,0x000001e70ed80000)
 Metaspace       used 66654K, committed 67968K, reserved 1114112K
  class space    used 6834K, committed 7360K, reserved 1048576K
GC Heap History (20 events):
Event: 181.488 GC heap before
{Heap before GC invocations=53 (full 5):
 PSYoungGen      total 24064K, used 24032K [0x0000020df3d00000, 0x0000020df5900000, 0x0000022349200000)
  eden space 23552K, 100% used [0x0000020df3d00000,0x0000020df5400000,0x0000020df5400000)
  from space 512K, 93% used [0x0000020df5400000,0x0000020df5478020,0x0000020df5480000)
  to   space 2048K, 0% used [0x0000020df5700000,0x0000020df5700000,0x0000020df5900000)
 ParOldGen       total 15822336K, used 15741239K [0x000001e349200000, 0x000001e70ed80000, 0x0000020df3d00000)
  object space 15822336K, 99% used [0x000001e349200000,0x000001e709e4ddc0,0x000001e70ed80000)
 Metaspace       used 64149K, committed 65344K, reserved 1114112K
  class space    used 6666K, committed 7168K, reserved 1048576K
}
Event: 181.494 GC heap after
{Heap after GC invocations=53 (full 5):
 PSYoungGen      total 26112K, used 1360K [0x0000020df3d00000, 0x0000020df5880000, 0x0000022349200000)
  eden space 24576K, 0% used [0x0000020df3d00000,0x0000020df3d00000,0x0000020df5500000)
  from space 1536K, 88% used [0x0000020df5700000,0x0000020df5854070,0x0000020df5880000)
  to   space 1536K, 0% used [0x0000020df5580000,0x0000020df5580000,0x0000020df5700000)
 ParOldGen       total 15822336K, used 15741703K [0x000001e349200000, 0x000001e70ed80000, 0x0000020df3d00000)
  object space 15822336K, 99% used [0x000001e349200000,0x000001e709ec1de0,0x000001e70ed80000)
 Metaspace       used 64149K, committed 65344K, reserved 1114112K
  class space    used 6666K, committed 7168K, reserved 1048576K
}
Event: 181.579 GC heap before
{Heap before GC invocations=54 (full 5):
 PSYoungGen      total 26112K, used 25936K [0x0000020df3d00000, 0x0000020df5880000, 0x0000022349200000)
  eden space 24576K, 100% used [0x0000020df3d00000,0x0000020df5500000,0x0000020df5500000)
  from space 1536K, 88% used [0x0000020df5700000,0x0000020df5854070,0x0000020df5880000)
  to   space 1536K, 0% used [0x0000020df5580000,0x0000020df5580000,0x0000020df5700000)
 ParOldGen       total 15822336K, used 15741703K [0x000001e349200000, 0x000001e70ed80000, 0x0000020df3d00000)
  object space 15822336K, 99% used [0x000001e349200000,0x000001e709ec1de0,0x000001e70ed80000)
 Metaspace       used 64387K, committed 65664K, reserved 1114112K
  class space    used 6669K, committed 7168K, reserved 1048576K
}
Event: 181.588 GC heap after
{Heap after GC invocations=54 (full 5):
 PSYoungGen      total 26624K, used 1521K [0x0000020df3d00000, 0x0000020df6000000, 0x0000022349200000)
  eden space 25088K, 0% used [0x0000020df3d00000,0x0000020df3d00000,0x0000020df5580000)
  from space 1536K, 99% used [0x0000020df5580000,0x0000020df56fc6e8,0x0000020df5700000)
  to   space 5120K, 0% used [0x0000020df5b00000,0x0000020df5b00000,0x0000020df6000000)
 ParOldGen       total 15822336K, used 15744583K [0x000001e349200000, 0x000001e70ed80000, 0x0000020df3d00000)
  object space 15822336K, 99% used [0x000001e349200000,0x000001e70a191d70,0x000001e70ed80000)
 Metaspace       used 64387K, committed 65664K, reserved 1114112K
  class space    used 6669K, committed 7168K, reserved 1048576K
}
Event: 181.807 GC heap before
{Heap before GC invocations=55 (full 5):
 PSYoungGen      total 26624K, used 26609K [0x0000020df3d00000, 0x0000020df6000000, 0x0000022349200000)
  eden space 25088K, 100% used [0x0000020df3d00000,0x0000020df5580000,0x0000020df5580000)
  from space 1536K, 99% used [0x0000020df5580000,0x0000020df56fc6e8,0x0000020df5700000)
  to   space 5120K, 0% used [0x0000020df5b00000,0x0000020df5b00000,0x0000020df6000000)
 ParOldGen       total 15822336K, used 15744583K [0x000001e349200000, 0x000001e70ed80000, 0x0000020df3d00000)
  object space 15822336K, 99% used [0x000001e349200000,0x000001e70a191d70,0x000001e70ed80000)
 Metaspace       used 65074K, committed 66304K, reserved 1114112K
  class space    used 6741K, committed 7232K, reserved 1048576K
}
Event: 181.816 GC heap after
{Heap after GC invocations=55 (full 5):
 PSYoungGen      total 29184K, used 2858K [0x0000020df3d00000, 0x0000020df5e00000, 0x0000022349200000)
  eden space 26112K, 0% used [0x0000020df3d00000,0x0000020df3d00000,0x0000020df5680000)
  from space 3072K, 93% used [0x0000020df5b00000,0x0000020df5dca870,0x0000020df5e00000)
  to   space 3584K, 0% used [0x0000020df5700000,0x0000020df5700000,0x0000020df5a80000)
 ParOldGen       total 15822336K, used 15745699K [0x000001e349200000, 0x000001e70ed80000, 0x0000020df3d00000)
  object space 15822336K, 99% used [0x000001e349200000,0x000001e70a2a8c40,0x000001e70ed80000)
 Metaspace       used 65074K, committed 66304K, reserved 1114112K
  class space    used 6741K, committed 7232K, reserved 1048576K
}
Event: 182.010 GC heap before
{Heap before GC invocations=56 (full 5):
 PSYoungGen      total 29184K, used 28970K [0x0000020df3d00000, 0x0000020df5e00000, 0x0000022349200000)
  eden space 26112K, 100% used [0x0000020df3d00000,0x0000020df5680000,0x0000020df5680000)
  from space 3072K, 93% used [0x0000020df5b00000,0x0000020df5dca870,0x0000020df5e00000)
  to   space 3584K, 0% used [0x0000020df5700000,0x0000020df5700000,0x0000020df5a80000)
 ParOldGen       total 15822336K, used 15745699K [0x000001e349200000, 0x000001e70ed80000, 0x0000020df3d00000)
  object space 15822336K, 99% used [0x000001e349200000,0x000001e70a2a8c40,0x000001e70ed80000)
 Metaspace       used 65385K, committed 66688K, reserved 1114112K
  class space    used 6767K, committed 7296K, reserved 1048576K
}
Event: 182.017 GC heap after
{Heap after GC invocations=56 (full 5):
 PSYoungGen      total 30208K, used 3557K [0x0000020df3d00000, 0x0000020df5f80000, 0x0000022349200000)
  eden space 26624K, 0% used [0x0000020df3d00000,0x0000020df3d00000,0x0000020df5700000)
  from space 3584K, 99% used [0x0000020df5700000,0x0000020df5a79448,0x0000020df5a80000)
  to   space 4096K, 0% used [0x0000020df5b80000,0x0000020df5b80000,0x0000020df5f80000)
 ParOldGen       total 15822336K, used 15745739K [0x000001e349200000, 0x000001e70ed80000, 0x0000020df3d00000)
  object space 15822336K, 99% used [0x000001e349200000,0x000001e70a2b2c40,0x000001e70ed80000)
 Metaspace       used 65385K, committed 66688K, reserved 1114112K
  class space    used 6767K, committed 7296K, reserved 1048576K
}
Event: 183.263 GC heap before
{Heap before GC invocations=57 (full 5):
 PSYoungGen      total 30208K, used 30181K [0x0000020df3d00000, 0x0000020df5f80000, 0x0000022349200000)
  eden space 26624K, 100% used [0x0000020df3d00000,0x0000020df5700000,0x0000020df5700000)
  from space 3584K, 99% used [0x0000020df5700000,0x0000020df5a79448,0x0000020df5a80000)
  to   space 4096K, 0% used [0x0000020df5b80000,0x0000020df5b80000,0x0000020df5f80000)
 ParOldGen       total 15822336K, used 15745739K [0x000001e349200000, 0x000001e70ed80000, 0x0000020df3d00000)
  object space 15822336K, 99% used [0x000001e349200000,0x000001e70a2b2c40,0x000001e70ed80000)
 Metaspace       used 65499K, committed 66816K, reserved 1114112K
  class space    used 6767K, committed 7296K, reserved 1048576K
}
Event: 183.272 GC heap after
{Heap after GC invocations=57 (full 5):
 PSYoungGen      total 28672K, used 1296K [0x0000020df3d00000, 0x0000020df5d00000, 0x0000022349200000)
  eden space 27136K, 0% used [0x0000020df3d00000,0x0000020df3d00000,0x0000020df5780000)
  from space 1536K, 84% used [0x0000020df5b80000,0x0000020df5cc4090,0x0000020df5d00000)
  to   space 2560K, 0% used [0x0000020df5800000,0x0000020df5800000,0x0000020df5a80000)
 ParOldGen       total 15822336K, used 15748357K [0x000001e349200000, 0x000001e70ed80000, 0x0000020df3d00000)
  object space 15822336K, 99% used [0x000001e349200000,0x000001e70a5414d8,0x000001e70ed80000)
 Metaspace       used 65499K, committed 66816K, reserved 1114112K
  class space    used 6767K, committed 7296K, reserved 1048576K
}
Event: 191.588 GC heap before
{Heap before GC invocations=58 (full 5):
 PSYoungGen      total 28672K, used 28432K [0x0000020df3d00000, 0x0000020df5d00000, 0x0000022349200000)
  eden space 27136K, 100% used [0x0000020df3d00000,0x0000020df5780000,0x0000020df5780000)
  from space 1536K, 84% used [0x0000020df5b80000,0x0000020df5cc4090,0x0000020df5d00000)
  to   space 2560K, 0% used [0x0000020df5800000,0x0000020df5800000,0x0000020df5a80000)
 ParOldGen       total 15822336K, used 15748357K [0x000001e349200000, 0x000001e70ed80000, 0x0000020df3d00000)
  object space 15822336K, 99% used [0x000001e349200000,0x000001e70a5414d8,0x000001e70ed80000)
 Metaspace       used 65735K, committed 67072K, reserved 1114112K
  class space    used 6774K, committed 7296K, reserved 1048576K
}
Event: 191.598 GC heap after
{Heap after GC invocations=58 (full 5):
 PSYoungGen      total 30208K, used 2531K [0x0000020df3d00000, 0x0000020df6300000, 0x0000022349200000)
  eden space 27648K, 0% used [0x0000020df3d00000,0x0000020df3d00000,0x0000020df5800000)
  from space 2560K, 98% used [0x0000020df5800000,0x0000020df5a78e10,0x0000020df5a80000)
  to   space 5632K, 0% used [0x0000020df5d80000,0x0000020df5d80000,0x0000020df6300000)
 ParOldGen       total 15822336K, used 15750709K [0x000001e349200000, 0x000001e70ed80000, 0x0000020df3d00000)
  object space 15822336K, 99% used [0x000001e349200000,0x000001e70a78d4e8,0x000001e70ed80000)
 Metaspace       used 65735K, committed 67072K, reserved 1114112K
  class space    used 6774K, committed 7296K, reserved 1048576K
}
Event: 193.401 GC heap before
{Heap before GC invocations=59 (full 5):
 PSYoungGen      total 30208K, used 30179K [0x0000020df3d00000, 0x0000020df6300000, 0x0000022349200000)
  eden space 27648K, 100% used [0x0000020df3d00000,0x0000020df5800000,0x0000020df5800000)
  from space 2560K, 98% used [0x0000020df5800000,0x0000020df5a78e10,0x0000020df5a80000)
  to   space 5632K, 0% used [0x0000020df5d80000,0x0000020df5d80000,0x0000020df6300000)
 ParOldGen       total 15822336K, used 15750709K [0x000001e349200000, 0x000001e70ed80000, 0x0000020df3d00000)
  object space 15822336K, 99% used [0x000001e349200000,0x000001e70a78d4e8,0x000001e70ed80000)
 Metaspace       used 66142K, committed 67392K, reserved 1114112K
  class space    used 6807K, committed 7296K, reserved 1048576K
}
Event: 193.409 GC heap after
{Heap after GC invocations=59 (full 5):
 PSYoungGen      total 29696K, used 1072K [0x0000020df3d00000, 0x0000020df5f00000, 0x0000022349200000)
  eden space 28160K, 0% used [0x0000020df3d00000,0x0000020df3d00000,0x0000020df5880000)
  from space 1536K, 69% used [0x0000020df5d80000,0x0000020df5e8c010,0x0000020df5f00000)
  to   space 2560K, 0% used [0x0000020df5a00000,0x0000020df5a00000,0x0000020df5c80000)
 ParOldGen       total 15822336K, used 15751475K [0x000001e349200000, 0x000001e70ed80000, 0x0000020df3d00000)
  object space 15822336K, 99% used [0x000001e349200000,0x000001e70a84cf98,0x000001e70ed80000)
 Metaspace       used 66142K, committed 67392K, reserved 1114112K
  class space    used 6807K, committed 7296K, reserved 1048576K
}
Event: 195.679 GC heap before
{Heap before GC invocations=60 (full 5):
 PSYoungGen      total 29696K, used 29232K [0x0000020df3d00000, 0x0000020df5f00000, 0x0000022349200000)
  eden space 28160K, 100% used [0x0000020df3d00000,0x0000020df5880000,0x0000020df5880000)
  from space 1536K, 69% used [0x0000020df5d80000,0x0000020df5e8c010,0x0000020df5f00000)
  to   space 2560K, 0% used [0x0000020df5a00000,0x0000020df5a00000,0x0000020df5c80000)
 ParOldGen       total 15822336K, used 15751475K [0x000001e349200000, 0x000001e70ed80000, 0x0000020df3d00000)
  object space 15822336K, 99% used [0x000001e349200000,0x000001e70a84cf98,0x000001e70ed80000)
 Metaspace       used 66284K, committed 67520K, reserved 1114112K
  class space    used 6809K, committed 7296K, reserved 1048576K
}
Event: 195.686 GC heap after
{Heap after GC invocations=60 (full 5):
 PSYoungGen      total 31232K, used 2531K [0x0000020df3d00000, 0x0000020df6300000, 0x0000022349200000)
  eden space 28672K, 0% used [0x0000020df3d00000,0x0000020df3d00000,0x0000020df5900000)
  from space 2560K, 98% used [0x0000020df5a00000,0x0000020df5c78d90,0x0000020df5c80000)
  to   space 5120K, 0% used [0x0000020df5e00000,0x0000020df5e00000,0x0000020df6300000)
 ParOldGen       total 15822336K, used 15753259K [0x000001e349200000, 0x000001e70ed80000, 0x0000020df3d00000)
  object space 15822336K, 99% used [0x000001e349200000,0x000001e70aa0af98,0x000001e70ed80000)
 Metaspace       used 66284K, committed 67520K, reserved 1114112K
  class space    used 6809K, committed 7296K, reserved 1048576K
}
Event: 200.120 GC heap before
{Heap before GC invocations=61 (full 5):
 PSYoungGen      total 31232K, used 31203K [0x0000020df3d00000, 0x0000020df6300000, 0x0000022349200000)
  eden space 28672K, 100% used [0x0000020df3d00000,0x0000020df5900000,0x0000020df5900000)
  from space 2560K, 98% used [0x0000020df5a00000,0x0000020df5c78d90,0x0000020df5c80000)
  to   space 5120K, 0% used [0x0000020df5e00000,0x0000020df5e00000,0x0000020df6300000)
 ParOldGen       total 15822336K, used 15753259K [0x000001e349200000, 0x000001e70ed80000, 0x0000020df3d00000)
  object space 15822336K, 99% used [0x000001e349200000,0x000001e70aa0af98,0x000001e70ed80000)
 Metaspace       used 66436K, committed 67776K, reserved 1114112K
  class space    used 6825K, committed 7360K, reserved 1048576K
}
Event: 200.126 GC heap after
{Heap after GC invocations=61 (full 5):
 PSYoungGen      total 30720K, used 1152K [0x0000020df3d00000, 0x0000020df5f80000, 0x0000022349200000)
  eden space 29184K, 0% used [0x0000020df3d00000,0x0000020df3d00000,0x0000020df5980000)
  from space 1536K, 75% used [0x0000020df5e00000,0x0000020df5f20000,0x0000020df5f80000)
  to   space 2560K, 0% used [0x0000020df5a80000,0x0000020df5a80000,0x0000020df5d00000)
 ParOldGen       total 15822336K, used 15753818K [0x000001e349200000, 0x000001e70ed80000, 0x0000020df3d00000)
  object space 15822336K, 99% used [0x000001e349200000,0x000001e70aa96928,0x000001e70ed80000)
 Metaspace       used 66436K, committed 67776K, reserved 1114112K
  class space    used 6825K, committed 7360K, reserved 1048576K
}
Event: 206.353 GC heap before
{Heap before GC invocations=62 (full 5):
 PSYoungGen      total 30720K, used 30336K [0x0000020df3d00000, 0x0000020df5f80000, 0x0000022349200000)
  eden space 29184K, 100% used [0x0000020df3d00000,0x0000020df5980000,0x0000020df5980000)
  from space 1536K, 75% used [0x0000020df5e00000,0x0000020df5f20000,0x0000020df5f80000)
  to   space 2560K, 0% used [0x0000020df5a80000,0x0000020df5a80000,0x0000020df5d00000)
 ParOldGen       total 15822336K, used 15753818K [0x000001e349200000, 0x000001e70ed80000, 0x0000020df3d00000)
  object space 15822336K, 99% used [0x000001e349200000,0x000001e70aa96928,0x000001e70ed80000)
 Metaspace       used 66636K, committed 67968K, reserved 1114112K
  class space    used 6834K, committed 7360K, reserved 1048576K
}
Event: 206.362 GC heap after
{Heap after GC invocations=62 (full 5):
 PSYoungGen      total 31744K, used 1616K [0x0000020df3d00000, 0x0000020df5e80000, 0x0000022349200000)
  eden space 29696K, 0% used [0x0000020df3d00000,0x0000020df3d00000,0x0000020df5a00000)
  from space 2048K, 78% used [0x0000020df5a80000,0x0000020df5c14010,0x0000020df5c80000)
  to   space 2048K, 0% used [0x0000020df5c80000,0x0000020df5c80000,0x0000020df5e80000)
 ParOldGen       total 15822336K, used 15753818K [0x000001e349200000, 0x000001e70ed80000, 0x0000020df3d00000)
  object space 15822336K, 99% used [0x000001e349200000,0x000001e70aa96928,0x000001e70ed80000)
 Metaspace       used 66636K, committed 67968K, reserved 1114112K
  class space    used 6834K, committed 7360K, reserved 1048576K
}

